# JRE version: Java(TM) SE Runtime Environment (13.0+33) (build 13+33)
# Java VM: Java HotSpot(TM) 64-Bit Server VM (13+33, mixed mode, sharing, tiered, compressed oops, g1 gc, windows-amd64)
Heap:
 garbage-first heap   total 305152K, used 150415K [0x0000000600c00000, 0x0000000800000000)
  region size 2048K, 6 young (12288K), 5 survivors (10240K)
 Metaspace       used 61919K, capacity 63866K, committed 64004K, reserved 1105920K
  class space    used 6656K, capacity 7429K, committed 7552K, reserved 1048576K
GC Heap History (20 events):
Event: 2.604 GC heap before
{Heap before GC invocations=10 (full 0):
 garbage-first heap   total 40960K, used 25286K [0x0000000600c00000, 0x0000000800000000)
  region size 2048K, 10 young (20480K), 1 survivors (2048K)
 Metaspace       used 27188K, capacity 27741K, committed 27952K, reserved 1075200K
  class space    used 2730K, capacity 2944K, committed 2944K, reserved 1048576K
}
Event: 2.605 GC heap after
{Heap after GC invocations=11 (full 0):
 garbage-first heap   total 40960K, used 8739K [0x0000000600c00000, 0x0000000800000000)
  region size 2048K, 1 young (2048K), 1 survivors (2048K)
 Metaspace       used 27188K, capacity 27741K, committed 27952K, reserved 1075200K
  class space    used 2730K, capacity 2944K, committed 2944K, reserved 1048576K
}
Event: 2.640 GC heap before
{Heap before GC invocations=11 (full 0):
 garbage-first heap   total 40960K, used 25123K [0x0000000600c00000, 0x0000000800000000)
  region size 2048K, 10 young (20480K), 1 survivors (2048K)
 Metaspace       used 27415K, capacity 27965K, committed 28336K, reserved 1075200K
  class space    used 2747K, capacity 2976K, committed 3072K, reserved 1048576K
}
Event: 2.641 GC heap after
{Heap after GC invocations=12 (full 0):
 garbage-first heap   total 40960K, used 8583K [0x0000000600c00000, 0x0000000800000000)
  region size 2048K, 1 young (2048K), 1 survivors (2048K)
 Metaspace       used 27415K, capacity 27965K, committed 28336K, reserved 1075200K
  class space    used 2747K, capacity 2976K, committed 3072K, reserved 1048576K
}
Event: 2.675 GC heap before
{Heap before GC invocations=12 (full 0):
 garbage-first heap   total 40960K, used 24967K [0x0000000600c00000, 0x0000000800000000)
  region size 2048K, 10 young (20480K), 1 survivors (2048K)
 Metaspace       used 27952K, capacity 28509K, committed 28848K, reserved 1075200K
  class space    used 2767K, capacity 3008K, committed 3072K, reserved 1048576K
}
Event: 2.677 GC heap after
{Heap after GC invocations=13 (full 0):
 garbage-first heap   total 282624K, used 8849K [0x0000000600c00000, 0x0000000800000000)
  region size 2048K, 1 young (2048K), 1 survivors (2048K)
 Metaspace       used 27952K, capacity 28509K, committed 28848K, reserved 1075200K
  class space    used 2767K, capacity 3008K, committed 3072K, reserved 1048576K
}
Event: 3.173 GC heap before
{Heap before GC invocations=13 (full 0):
 garbage-first heap   total 282624K, used 146065K [0x0000000600c00000, 0x0000000800000000)
  region size 2048K, 69 young (141312K), 1 survivors (2048K)
 Metaspace       used 30906K, capacity 31362K, committed 31536K, reserved 1077248K
  class space    used 2970K, capacity 3175K, committed 3200K, reserved 1048576K
}
Event: 3.183 GC heap after
{Heap after GC invocations=14 (full 0):
 garbage-first heap   total 282624K, used 50187K [0x0000000600c00000, 0x0000000800000000)
  region size 2048K, 9 young (18432K), 9 survivors (18432K)
 Metaspace       used 30906K, capacity 31362K, committed 31536K, reserved 1077248K
  class space    used 2970K, capacity 3175K, committed 3200K, reserved 1048576K
}
Event: 4.042 GC heap before
{Heap before GC invocations=14 (full 0):
 garbage-first heap   total 282624K, used 76811K [0x0000000600c00000, 0x0000000800000000)
  region size 2048K, 23 young (47104K), 9 survivors (18432K)
 Metaspace       used 35362K, capacity 35797K, committed 35920K, reserved 1081344K
  class space    used 3609K, capacity 3822K, committed 3840K, reserved 1048576K
}
Event: 4.050 GC heap after
{Heap after GC invocations=15 (full 0):
 garbage-first heap   total 282624K, used 52924K [0x0000000600c00000, 0x0000000800000000)
  region size 2048K, 2 young (4096K), 2 survivors (4096K)
 Metaspace       used 35362K, capacity 35797K, committed 35920K, reserved 1081344K
  class space    used 3609K, capacity 3822K, committed 3840K, reserved 1048576K
}
Event: 6.216 GC heap before
{Heap before GC invocations=16 (full 0):
 garbage-first heap   total 198656K, used 147132K [0x0000000600c00000, 0x0000000800000000)
  region size 2048K, 46 young (94208K), 2 survivors (4096K)
 Metaspace       used 51476K, capacity 52406K, committed 52528K, reserved 1095680K
  class space    used 5544K, capacity 5901K, committed 6016K, reserved 1048576K
}
Event: 6.227 GC heap after
{Heap after GC invocations=17 (full 0):
 garbage-first heap   total 198656K, used 68389K [0x0000000600c00000, 0x0000000800000000)
  region size 2048K, 6 young (12288K), 6 survivors (12288K)
 Metaspace       used 51476K, capacity 52406K, committed 52528K, reserved 1095680K
  class space    used 5544K, capacity 5901K, committed 6016K, reserved 1048576K
}
Event: 7.046 GC heap before
{Heap before GC invocations=17 (full 0):
 garbage-first heap   total 198656K, used 117541K [0x0000000600c00000, 0x0000000800000000)
  region size 2048K, 31 young (63488K), 6 survivors (12288K)
 Metaspace       used 55558K, capacity 57006K, committed 57136K, reserved 1099776K
  class space    used 6172K, capacity 6740K, committed 6784K, reserved 1048576K
}
Event: 7.056 GC heap after
{Heap after GC invocations=18 (full 0):
 garbage-first heap   total 305152K, used 76487K [0x0000000600c00000, 0x0000000800000000)
  region size 2048K, 4 young (8192K), 4 survivors (8192K)
 Metaspace       used 55558K, capacity 57006K, committed 57136K, reserved 1099776K
  class space    used 6172K, capacity 6740K, committed 6784K, reserved 1048576K
}
Event: 7.415 GC heap before
{Heap before GC invocations=18 (full 0):
 garbage-first heap   total 305152K, used 162503K [0x0000000600c00000, 0x0000000800000000)
  region size 2048K, 47 young (96256K), 4 survivors (8192K)
 Metaspace       used 56402K, capacity 58064K, committed 58160K, reserved 1099776K
  class space    used 6302K, capacity 6987K, committed 7040K, reserved 1048576K
}
Event: 7.428 GC heap after
{Heap after GC invocations=19 (full 0):
 garbage-first heap   total 305152K, used 101131K [0x0000000600c00000, 0x0000000800000000)
  region size 2048K, 6 young (12288K), 6 survivors (12288K)
 Metaspace       used 56402K, capacity 58064K, committed 58160K, reserved 1099776K
  class space    used 6302K, capacity 6987K, committed 7040K, reserved 1048576K
}
Event: 8.771 GC heap before
{Heap before GC invocations=19 (full 0):
 garbage-first heap   total 305152K, used 156427K [0x0000000600c00000, 0x0000000800000000)
  region size 2048K, 30 young (61440K), 6 survivors (12288K)
 Metaspace       used 58571K, capacity 60384K, committed 60420K, reserved 1101824K
  class space    used 6531K, capacity 7285K, committed 7296K, reserved 1048576K
}
Event: 8.784 GC heap after
{Heap after GC invocations=20 (full 0):
 garbage-first heap   total 305152K, used 118601K [0x0000000600c00000, 0x0000000800000000)
  region size 2048K, 6 young (12288K), 6 survivors (12288K)
 Metaspace       used 58571K, capacity 60384K, committed 60420K, reserved 1101824K
  class space    used 6531K, capacity 7285K, committed 7296K, reserved 1048576K
}
Event: 25.695 GC heap before
{Heap before GC invocations=21 (full 0):
 garbage-first heap   total 305152K, used 192329K [0x0000000600c00000, 0x0000000800000000)
  region size 2048K, 42 young (86016K), 6 survivors (12288K)
 Metaspace       used 59942K, capacity 61892K, committed 62084K, reserved 1103872K
  class space    used 6570K, capacity 7363K, committed 7424K, reserved 1048576K
}
Event: 25.708 GC heap after
{Heap after GC invocations=22 (full 0):
 garbage-first heap   total 305152K, used 133077K [0x0000000600c00000, 0x0000000800000000)
  region size 2048K, 6 young (12288K), 6 survivors (12288K)
 Metaspace       used 59942K, capacity 61892K, committed 62084K, reserved 1103872K
  class space    used 6570K, capacity 7363K, committed 7424K, reserved 1048576K
}

